This is XeTeX, Version 3.14159265-2.6-0.99996 (TeX Live 2016) (preloaded format=xelatex 2016.10.22)  15 JUN 2019 13:29
entering extended mode
 restricted \write18 enabled.
 %&-line parsing enabled.
**bare_conf.tex
(./bare_conf.tex
LaTeX2e <2016/03/31>
Babel <3.9r> and hyphenation patterns for 83 language(s) loaded.
(./IEEEtran.cls
Document Class: IEEEtran 2007/03/05 V1.7a by Michael Shell
-- See the "IEEEtran_HOWTO" manual for usage information.
-- http://www.michaelshell.org/tex/ieeetran/
\@IEEEtrantmpdimenA=\dimen102
\@IEEEtrantmpdimenB=\dimen103
\@IEEEtrantmpcountA=\count79
\@IEEEtrantmpcountB=\count80
\@IEEEtrantmptoksA=\toks14
LaTeX Font Info:    Try loading font information for OT1+ptm on input line 373.

(/usr/local/texlive/2016/texmf-dist/tex/latex/psnfss/ot1ptm.fd
File: ot1ptm.fd 2001/06/04 font definitions for OT1/ptm.
)
-- Using 8.5in x 11in (letter) paper.
-- Using DVI output.
\@IEEEnormalsizeunitybaselineskip=\dimen104
-- This is a 10 point document.
\CLASSINFOnormalsizebaselineskip=\dimen105
\CLASSINFOnormalsizeunitybaselineskip=\dimen106
\IEEEnormaljot=\dimen107
LaTeX Font Info:    Font shape `OT1/ptm/bx/n' in size <5> not available
(Font)              Font shape `OT1/ptm/b/n' tried instead on input line 731.
LaTeX Font Info:    Font shape `OT1/ptm/bx/it' in size <5> not available
(Font)              Font shape `OT1/ptm/b/it' tried instead on input line 731.
LaTeX Font Info:    Font shape `OT1/ptm/bx/n' in size <7> not available
(Font)              Font shape `OT1/ptm/b/n' tried instead on input line 731.
LaTeX Font Info:    Font shape `OT1/ptm/bx/it' in size <7> not available
(Font)              Font shape `OT1/ptm/b/it' tried instead on input line 731.
LaTeX Font Info:    Font shape `OT1/ptm/bx/n' in size <8> not available
(Font)              Font shape `OT1/ptm/b/n' tried instead on input line 731.
LaTeX Font Info:    Font shape `OT1/ptm/bx/it' in size <8> not available
(Font)              Font shape `OT1/ptm/b/it' tried instead on input line 731.
LaTeX Font Info:    Font shape `OT1/ptm/bx/n' in size <9> not available
(Font)              Font shape `OT1/ptm/b/n' tried instead on input line 731.
LaTeX Font Info:    Font shape `OT1/ptm/bx/it' in size <9> not available
(Font)              Font shape `OT1/ptm/b/it' tried instead on input line 731.
LaTeX Font Info:    Font shape `OT1/ptm/bx/n' in size <10> not available
(Font)              Font shape `OT1/ptm/b/n' tried instead on input line 731.
LaTeX Font Info:    Font shape `OT1/ptm/bx/it' in size <10> not available
(Font)              Font shape `OT1/ptm/b/it' tried instead on input line 731.
LaTeX Font Info:    Font shape `OT1/ptm/bx/n' in size <11> not available
(Font)              Font shape `OT1/ptm/b/n' tried instead on input line 731.
LaTeX Font Info:    Font shape `OT1/ptm/bx/it' in size <11> not available
(Font)              Font shape `OT1/ptm/b/it' tried instead on input line 731.
LaTeX Font Info:    Font shape `OT1/ptm/bx/n' in size <12> not available
(Font)              Font shape `OT1/ptm/b/n' tried instead on input line 731.
LaTeX Font Info:    Font shape `OT1/ptm/bx/it' in size <12> not available
(Font)              Font shape `OT1/ptm/b/it' tried instead on input line 731.
LaTeX Font Info:    Font shape `OT1/ptm/bx/n' in size <17> not available
(Font)              Font shape `OT1/ptm/b/n' tried instead on input line 731.
LaTeX Font Info:    Font shape `OT1/ptm/bx/it' in size <17> not available
(Font)              Font shape `OT1/ptm/b/it' tried instead on input line 731.
LaTeX Font Info:    Font shape `OT1/ptm/bx/n' in size <20> not available
(Font)              Font shape `OT1/ptm/b/n' tried instead on input line 731.
LaTeX Font Info:    Font shape `OT1/ptm/bx/it' in size <20> not available
(Font)              Font shape `OT1/ptm/b/it' tried instead on input line 731.
LaTeX Font Info:    Font shape `OT1/ptm/bx/n' in size <24> not available
(Font)              Font shape `OT1/ptm/b/n' tried instead on input line 731.
LaTeX Font Info:    Font shape `OT1/ptm/bx/it' in size <24> not available
(Font)              Font shape `OT1/ptm/b/it' tried instead on input line 731.
\IEEEilabelindentA=\dimen108
\IEEEilabelindentB=\dimen109
\IEEEilabelindent=\dimen110
\IEEEelabelindent=\dimen111
\IEEEdlabelindent=\dimen112
\IEEElabelindent=\dimen113
\IEEEiednormlabelsep=\dimen114
\IEEEiedmathlabelsep=\dimen115
\IEEEiedtopsep=\skip41
\c@section=\count81
\c@subsection=\count82
\c@subsubsection=\count83
\c@paragraph=\count84
\c@IEEEsubequation=\count85
\abovecaptionskip=\skip42
\belowcaptionskip=\skip43
\c@figure=\count86
\c@table=\count87
\@IEEEeqnnumcols=\count88
\@IEEEeqncolcnt=\count89
\@IEEEtmpitemindent=\dimen116
\c@IEEEbiography=\count90
\@IEEEtranrubishbin=\box26
) (/usr/local/texlive/2016/texmf-dist/tex/latex/amsmath/amsmath.sty
Package: amsmath 2016/03/10 v2.15b AMS math features
\@mathmargin=\skip44

For additional information on amsmath, use the `?' option.
(/usr/local/texlive/2016/texmf-dist/tex/latex/amsmath/amstext.sty
Package: amstext 2000/06/29 v2.01 AMS text

(/usr/local/texlive/2016/texmf-dist/tex/latex/amsmath/amsgen.sty
File: amsgen.sty 1999/11/30 v2.0 generic functions
\@emptytoks=\toks15
\ex@=\dimen117
))
(/usr/local/texlive/2016/texmf-dist/tex/latex/amsmath/amsbsy.sty
Package: amsbsy 1999/11/29 v1.2d Bold Symbols
\pmbraise@=\dimen118
)
(/usr/local/texlive/2016/texmf-dist/tex/latex/amsmath/amsopn.sty
Package: amsopn 2016/03/08 v2.02 operator names
)
\inf@bad=\count91
LaTeX Info: Redefining \frac on input line 199.
\uproot@=\count92
\leftroot@=\count93
LaTeX Info: Redefining \overline on input line 297.
\classnum@=\count94
\DOTSCASE@=\count95
LaTeX Info: Redefining \ldots on input line 394.
LaTeX Info: Redefining \dots on input line 397.
LaTeX Info: Redefining \cdots on input line 518.
\Mathstrutbox@=\box27
\strutbox@=\box28
\big@size=\dimen119
LaTeX Font Info:    Redeclaring font encoding OML on input line 634.
LaTeX Font Info:    Redeclaring font encoding OMS on input line 635.
\macc@depth=\count96
\c@MaxMatrixCols=\count97
\dotsspace@=\muskip10
\c@parentequation=\count98
\dspbrk@lvl=\count99
\tag@help=\toks16
\row@=\count100
\column@=\count101
\maxfields@=\count102
\andhelp@=\toks17
\eqnshift@=\dimen120
\alignsep@=\dimen121
\tagshift@=\dimen122
\tagwidth@=\dimen123
\totwidth@=\dimen124
\lineht@=\dimen125
\@envbody=\toks18
\multlinegap=\skip45
\multlinetaggap=\skip46
\mathdisplay@stack=\toks19
LaTeX Info: Redefining \[ on input line 2739.
LaTeX Info: Redefining \] on input line 2740.
)
(/usr/local/texlive/2016/texmf-dist/tex/latex/graphics/graphicx.sty
Package: graphicx 2014/10/28 v1.0g Enhanced LaTeX Graphics (DPC,SPQR)

(/usr/local/texlive/2016/texmf-dist/tex/latex/graphics/keyval.sty
Package: keyval 2014/10/28 v1.15 key=value parser (DPC)
\KV@toks@=\toks20
)
(/usr/local/texlive/2016/texmf-dist/tex/latex/graphics/graphics.sty
Package: graphics 2016/05/09 v1.0r Standard LaTeX Graphics (DPC,SPQR)

(/usr/local/texlive/2016/texmf-dist/tex/latex/graphics/trig.sty
Package: trig 2016/01/03 v1.10 sin cos tan (DPC)
)
(/usr/local/texlive/2016/texmf-dist/tex/latex/graphics-cfg/graphics.cfg
File: graphics.cfg 2016/01/02 v1.10 sample graphics configuration
)
Package graphics Info: Driver file: dvips.def on input line 96.

(/usr/local/texlive/2016/texmf-dist/tex/latex/graphics/dvips.def
File: dvips.def 2015/12/30 v3.0k Driver-dependent file (DPC,SPQR)
))
\Gin@req@height=\dimen126
\Gin@req@width=\dimen127
)
(/usr/local/texlive/2016/texmf-dist/tex/latex/graphics/color.sty
Package: color 2016/05/09 v1.1c Standard LaTeX Color (DPC)

(/usr/local/texlive/2016/texmf-dist/tex/latex/graphics-cfg/color.cfg
File: color.cfg 2016/01/02 v1.6 sample color configuration
)
Package color Info: Driver file: xetex.def on input line 144.

(/usr/local/texlive/2016/texmf-dist/tex/xelatex/xetex-def/xetex.def
File: xetex.def 2016/04/06 v4.08 LaTeX color/graphics driver for XeTeX (TeX Liv
e/RRM/JK)

(/usr/local/texlive/2016/texmf-dist/tex/generic/oberdiek/infwarerr.sty
Package: infwarerr 2016/05/16 v1.4 Providing info/warning/error messages (HO)
)
(/usr/local/texlive/2016/texmf-dist/tex/generic/oberdiek/ltxcmds.sty
Package: ltxcmds 2016/05/16 v1.23 LaTeX kernel commands for general use (HO)
)))
(/usr/local/texlive/2016/texmf-dist/tex/latex/algorithms/algorithm.sty
Invalid UTF-8 byte or sequence at line 11 replaced by U+FFFD.
Package: algorithm 2009/08/24 v0.1 Document Style `algorithm' - floating enviro
nment

(/usr/local/texlive/2016/texmf-dist/tex/latex/float/float.sty
Package: float 2001/11/08 v1.3d Float enhancements (AL)
\c@float@type=\count103
\float@exts=\toks21
\float@box=\box29
\@float@everytoks=\toks22
\@floatcapt=\box30
)
(/usr/local/texlive/2016/texmf-dist/tex/latex/base/ifthen.sty
Package: ifthen 2014/09/29 v1.1c Standard LaTeX ifthen package (DPC)
)
\@float@every@algorithm=\toks23
\c@algorithm=\count104
)
(/usr/local/texlive/2016/texmf-dist/tex/latex/algorithmicx/algorithmicx.sty
Package: algorithmicx 2005/04/27 v1.2 Algorithmicx

Document Style algorithmicx 1.2 - a greatly improved `algorithmic' style
\c@ALG@line=\count105
\c@ALG@rem=\count106
\c@ALG@nested=\count107
\ALG@tlm=\skip47
\ALG@thistlm=\skip48
\c@ALG@Lnr=\count108
\c@ALG@blocknr=\count109
\c@ALG@storecount=\count110
\c@ALG@tmpcounter=\count111
\ALG@tmplength=\skip49
) (/usr/local/texlive/2016/texmf-dist/tex/latex/algorithmicx/algpseudocode.sty
Package: algpseudocode 

Document Style - pseudocode environments for use with the `algorithmicx' style
) (/usr/local/texlive/2016/texmf-dist/tex/latex/subfigure/subfigure.sty
Package: subfigure 2002/03/15 v2.1.5 subfigure package
\subfigtopskip=\skip50
\subfigcapskip=\skip51
\subfigcaptopadj=\dimen128
\subfigbottomskip=\skip52
\subfigcapmargin=\dimen129
\subfiglabelskip=\skip53
\c@subfigure=\count112
\c@lofdepth=\count113
\c@subtable=\count114
\c@lotdepth=\count115

****************************************
* Local config file subfigure.cfg used *
****************************************
(/usr/local/texlive/2016/texmf-dist/tex/latex/subfigure/subfigure.cfg)
\subfig@top=\skip54
\subfig@bottom=\skip55
)
(/usr/local/texlive/2016/texmf-dist/tex/latex/sttools/stfloats.sty
Package: stfloats 2016/02/08 v2.0 Improve float mechanism and baselineskip sett
ings
\@dblbotnum=\count116
\c@dblbotnumber=\count117
)
No file bare_conf.aux.
\openout1 = `bare_conf.aux'.

LaTeX Font Info:    Checking defaults for OML/cmm/m/it on input line 355.
LaTeX Font Info:    ... okay on input line 355.
LaTeX Font Info:    Checking defaults for T1/cmr/m/n on input line 355.
LaTeX Font Info:    ... okay on input line 355.
LaTeX Font Info:    Checking defaults for OT1/cmr/m/n on input line 355.
LaTeX Font Info:    ... okay on input line 355.
LaTeX Font Info:    Checking defaults for OMS/cmsy/m/n on input line 355.
LaTeX Font Info:    ... okay on input line 355.
LaTeX Font Info:    Checking defaults for OMX/cmex/m/n on input line 355.
LaTeX Font Info:    ... okay on input line 355.
LaTeX Font Info:    Checking defaults for U/cmr/m/n on input line 355.
LaTeX Font Info:    ... okay on input line 355.
LaTeX Font Info:    Font shape `OT1/ptm/bx/n' in size <14> not available
(Font)              Font shape `OT1/ptm/b/n' tried instead on input line 415.
LaTeX Font Info:    Try loading font information for OMS+ptm on input line 415.

(/usr/local/texlive/2016/texmf-dist/tex/latex/psnfss/omsptm.fd
File: omsptm.fd 
)
LaTeX Font Info:    Font shape `OMS/ptm/m/it' in size <10> not available
(Font)              Font shape `OMS/cmsy/m/n' tried instead on input line 415.


LaTeX Warning: Citation `mitchell1995genetic' on page 1 undefined on input line
 454.


LaTeX Warning: Citation `Pareto1927' on page 1 undefined on input line 454.


LaTeX Warning: Citation `Stadler1979' on page 1 undefined on input line 454.


LaTeX Warning: Citation `Valkanas2014' on page 1 undefined on input line 454.


LaTeX Warning: Citation `htc-sim' on page 1 undefined on input line 456.


LaTeX Warning: Citation `htcondor' on page 1 undefined on input line 456.


LaTeX Warning: Citation `rl' on page 1 undefined on input line 456.


LaTeX Warning: Citation `suscom' on page 1 undefined on input line 456.

[1


]

LaTeX Warning: Reference `motivation' on page 2 undefined on input line 460.


LaTeX Warning: Reference `relatedWork' on page 2 undefined on input line 460.


LaTeX Warning: Reference `method' on page 2 undefined on input line 460.


LaTeX Warning: Reference `environment' on page 2 undefined on input line 460.


LaTeX Warning: Reference `results' on page 2 undefined on input line 460.


LaTeX Warning: Reference `conc' on page 2 undefined on input line 460.


LaTeX Warning: Citation `suscom' on page 2 undefined on input line 471.


LaTeX Warning: Reference `ohven' on page 2 undefined on input line 477.


LaTeX Warning: Citation `suscom' on page 2 undefined on input line 477.

File: OneEta-OvE.eps Graphic file (type eps)
<OneEta-OvE.eps>

LaTeX Warning: Citation `suscom' on page 2 undefined on input line 485.


LaTeX Warning: Citation `Ponsich2017' on page 2 undefined on input line 494.


LaTeX Warning: Citation `Kannan2009' on page 2 undefined on input line 494.


LaTeX Warning: Citation `Valkanas2014' on page 2 undefined on input line 496.


LaTeX Warning: Citation `T.MurataandH.Ishibuchi1995' on page 2 undefined on inp
ut line 496.


LaTeX Warning: Citation `Ponsich2017' on page 2 undefined on input line 498.


LaTeX Warning: Citation `Kannan2009' on page 2 undefined on input line 500.


LaTeX Warning: Citation `Yu2015a' on page 2 undefined on input line 502.

[2]

LaTeX Warning: Citation `Guha2015' on page 3 undefined on input line 504.


LaTeX Warning: Citation `Holland1975' on page 3 undefined on input line 518.


LaTeX Warning: Citation `FogelDavidB2009' on page 3 undefined on input line 520
.


LaTeX Warning: Reference `genetic-algorithm' on page 3 undefined on input line 
522.


LaTeX Warning: Citation `FogelDavidB2009' on page 3 undefined on input line 540
.


LaTeX Warning: Citation `Knowles1999' on page 3 undefined on input line 548.


LaTeX Warning: Citation `Zitzler2006' on page 3 undefined on input line 548.


LaTeX Warning: Citation `Valkanas2014' on page 3 undefined on input line 548.


LaTeX Warning: Citation `Burke2014' on page 3 undefined on input line 550.


LaTeX Warning: Reference `fig:pareto-layering' on page 3 undefined on input lin
e 563.

[3]
File: figures/methods/Schematic-of-solution-layering-in-NSGA-II-algorithm-33.jp
g Graphic file (type QTm)

<use  "figures/methods/Schematic-of-solution-layering-in-NSGA-II-algorithm-33.j
pg" >

LaTeX Warning: Citation `Ahmadi2013' on page 4 undefined on input line 569.


LaTeX Warning: Citation `Valkanas2014' on page 4 undefined on input line 587.


Underfull \hbox (badness 2913) in paragraph at lines 601--602
[]$\OMS/cmsy/m/n/10 F \OT1/cmr/m/n/10 =$ \OT1/ptm/m/n/10 fast-non-dominated-sor
t $\OT1/cmr/m/n/10 (\OML/cmm/m/it/10 R[]\OT1/cmr/m/n/10 )$ \OT1/ptm/m/n/10 wher
e $\OMS/cmsy/m/n/10 F \OT1/cmr/m/n/10 =
 []


LaTeX Warning: Citation `Valkanas2014' on page 4 undefined on input line 611.


LaTeX Warning: Reference `algo:nsga2' on page 4 undefined on input line 617.


LaTeX Warning: Citation `Valkanas2014' on page 4 undefined on input line 617.


LaTeX Warning: Reference `fig:nsga2-schematic' on page 4 undefined on input lin
e 619.

File: figures/methods/non-dominated-sorting.png Graphic file (type QTm)
<use  "figures/methods/non-dominated-sorting.png" >
Overfull \hbox (3.97762pt too wide) in paragraph at lines 622--623
[][] 
 []


LaTeX Warning: Citation `Deb2001' on page 4 undefined on input line 623.


LaTeX Warning: Citation `htc-sim' on page 4 undefined on input line 635.

[4]

LaTeX Warning: Citation `suscom' on page 5 undefined on input line 664.


Underfull \hbox (badness 2111) in paragraph at lines 672--673
[]\OT1/ptm/b/n/10 ranges\OT1/ptm/m/n/10 : The date range on which to change $\O
ML/cmm/m/it/10 ^^O$\OT1/ptm/m/n/10 .
 []


LaTeX Warning: Reference `fig:pareto' on page 5 undefined on input line 690.


LaTeX Warning: Reference `tab:optimal' on page 5 undefined on input line 692.


LaTeX Warning: Citation `suscom' on page 5 undefined on input line 692.

[5]
File: figures/results/three.png Graphic file (type QTm)
 <use  "figures/results/three.png" >
Overfull \hbox (182.79884pt too wide) in paragraph at lines 708--712
[][] [] 
 []

File: figures/results/Lasso-overhead.png Graphic file (type QTm)
<use  "figures/results/Lasso-overhead.png" >
Overfull \hbox (305.28392pt too wide) in paragraph at lines 713--717
[][] [] 
 []

File: figures/results/Lasso-power.png Graphic file (type QTm)
<use  "figures/results/Lasso-power.png" >

LaTeX Warning: Float too large for page by 271.85605pt on input line 726.

File: figures/results/run_number-average_overhead.png Graphic file (type QTm)
<use  "figures/results/run_number-average_overhead.png" >

LaTeX Warning: Reference `fig:changes' on page 6 undefined on input line 733.

File: figures/results/change-power-overhead.png Graphic file (type QTm)
<use  "figures/results/change-power-overhead.png" >
File: figures/results/days-power-overhead.png Graphic file (type QTm)

<use  "figures/results/days-power-overhead.png" >
Overfull \hbox (167.719pt too wide) in paragraph at lines 738--745
[][]
 []


Overfull \hbox (167.719pt too wide) in paragraph at lines 738--745
[][] 
 []


Underfull \vbox (badness 10000) has occurred while \output is active []


Overfull \vbox (70.49423pt too high) has occurred while \output is active []


[6]

LaTeX Warning: Reference `fig:granularity' on page 7 undefined on input line 75
5.


LaTeX Warning: Reference `fig:week' on page 7 undefined on input line 757.

File: figures/results/computerclusterwhole-power-overhead.png Graphic file (typ
e QTm)
<use  "figures/results/computerclusterwhole-power-overhead.png" >
File: figures/results/pareot-week.png Graphic file (type QTm)

<use  "figures/results/pareot-week.png" >

LaTeX Warning: Reference `fig:policy' on page 7 undefined on input line 774.

File: figures/results/epsilonPolicy-power-overhead.png Graphic file (type QTm)
<use  "figures/results/epsilonPolicy-power-overhead.png" >

LaTeX Warning: Reference `fig:history' on page 7 undefined on input line 781.


LaTeX Warning: Reference `fig:gaussian' on page 7 undefined on input line 781.

File: figures/results/history-power-overhead.png Graphic file (type QTm)
<use  "figures/results/history-power-overhead.png" >
File: figures/results/gaussian-power-overhead.png Graphic file (type QTm)

<use  "figures/results/gaussian-power-overhead.png" >
File: figures/results/low-variables-violin.png Graphic file (type QTm)

<use  "figures/results/low-variables-violin.png" >
Underfull \vbox (badness 10000) has occurred while \output is active []

 [7]
File: figures/results/prior-power-overhead.png Graphic file (type QTm)

<use  "figures/results/prior-power-overhead.png" >
File: figures/results/ratio-power-overhead.png Graphic file (type QTm)

<use  "figures/results/ratio-power-overhead.png" >
Underfull \vbox (badness 10000) has occurred while \output is active []

File: figures/results/threshold-power-overhead.png Graphic file (type QTm)

<use  "figures/results/threshold-power-overhead.png" >
No file bare_conf.bbl.

** Conference Paper **
Before submitting the final camera ready copy, remember to:

 1. Manually equalize the lengths of two columns on the last page
 of your paper;

 2. Ensure that any PostScript and/or PDF output post-processing
 uses only Type 1 fonts and that every step in the generation
 process uses the appropriate paper size.

[8] (./bare_conf.aux)

LaTeX Warning: There were undefined references.


LaTeX Warning: Label(s) may have changed. Rerun to get cross-references right.

 ) 
Here is how much of TeX's memory you used:
 3058 strings out of 493591
 45357 string characters out of 6143545
 109050 words of memory out of 5000000
 6421 multiletter control sequences out of 15000+600000
 31303 words of font info for 73 fonts, out of 8000000 for 9000
 1350 hyphenation exceptions out of 8191
 27i,10n,25p,1474b,305s stack positions out of 5000i,500n,10000p,200000b,80000s

Output written on bare_conf.pdf (8 pages).
